<?xml version="1.0" encoding="UTF-8"?>
<!-- Generated by org.testng.reporters.JUnitXMLReporter -->
<testsuite ignored="0" hostname="FoxyOldSom" failures="0" tests="5" name="Add Customer Test" time="7.435" errors="0" timestamp="2022-10-30T23:52:53 IST">
  <testcase classname="com.way2automation.testcases.AddCusTest" name="addCusTest" time="1.699"/>
  <testcase classname="com.way2automation.testcases.AddCusTest" name="addCusTest" time="1.438"/>
  <testcase classname="com.way2automation.testcases.AddCusTest" name="addCusTest" time="1.394"/>
  <testcase classname="com.way2automation.testcases.AddCusTest" name="addCusTest" time="1.396"/>
  <testcase classname="com.way2automation.testcases.AddCusTest" name="addCusTest" time="1.458"/>
</testsuite> <!-- Add Customer Test -->
