<?xml version="1.0" encoding="UTF-8"?>
<!-- Generated by org.testng.reporters.JUnitXMLReporter -->
<testsuite ignored="0" hostname="FoxyOldSom" failures="0" tests="5" name="Customer Transaction Test" time="44.549" errors="0" timestamp="2022-10-30T23:53:58 IST">
  <testcase classname="com.way2automation.testcases.CustomerTransactionTest" name="customerTransactionTest" time="9.041"/>
  <testcase classname="com.way2automation.testcases.CustomerTransactionTest" name="customerTransactionTest" time="8.856"/>
  <testcase classname="com.way2automation.testcases.CustomerTransactionTest" name="customerTransactionTest" time="8.87"/>
  <testcase classname="com.way2automation.testcases.CustomerTransactionTest" name="customerTransactionTest" time="8.905"/>
  <testcase classname="com.way2automation.testcases.CustomerTransactionTest" name="customerTransactionTest" time="8.869"/>
</testsuite> <!-- Customer Transaction Test -->
