<?xml version="1.0" encoding="UTF-8"?>
<!-- Generated by org.testng.reporters.JUnitXMLReporter -->
<testsuite ignored="0" hostname="FoxyOldSom" failures="0" tests="5" name="Customer Login Test" time="7.105" errors="0" timestamp="2022-10-30T23:53:13 IST">
  <testcase classname="com.way2automation.testcases.CustomerLoginTest" name="customerLoginTest" time="1.555"/>
  <testcase classname="com.way2automation.testcases.CustomerLoginTest" name="customerLoginTest" time="1.427"/>
  <testcase classname="com.way2automation.testcases.CustomerLoginTest" name="customerLoginTest" time="1.402"/>
  <testcase classname="com.way2automation.testcases.CustomerLoginTest" name="customerLoginTest" time="1.367"/>
  <testcase classname="com.way2automation.testcases.CustomerLoginTest" name="customerLoginTest" time="1.351"/>
</testsuite> <!-- Customer Login Test -->
