<?xml version="1.0" encoding="UTF-8"?>
<!-- Generated by org.testng.reporters.JUnitXMLReporter -->
<testsuite ignored="0" hostname="FoxyOldSom" failures="0" tests="5" name="Customer Deletion Test" time="7.089" errors="0" timestamp="2022-10-30T23:54:05 IST">
  <testcase classname="com.way2automation.testcases.DeleteCustomerTest" name="deleteCustomerTest" time="1.578"/>
  <testcase classname="com.way2automation.testcases.DeleteCustomerTest" name="deleteCustomerTest" time="1.399"/>
  <testcase classname="com.way2automation.testcases.DeleteCustomerTest" name="deleteCustomerTest" time="1.358"/>
  <testcase classname="com.way2automation.testcases.DeleteCustomerTest" name="deleteCustomerTest" time="1.36"/>
  <testcase classname="com.way2automation.testcases.DeleteCustomerTest" name="deleteCustomerTest" time="1.389"/>
</testsuite> <!-- Customer Deletion Test -->
