<?xml version="1.0" encoding="UTF-8"?>
<!-- Generated by org.testng.reporters.JUnitXMLReporter -->
<testsuite ignored="0" hostname="FoxyOldSom" failures="0" tests="5" name="Open Account Test" time="13.164" errors="0" timestamp="2022-10-30T23:53:06 IST">
  <testcase classname="com.way2automation.testcases.OpenAccountTest" name="openAccountTest" time="6.631"/>
  <testcase classname="com.way2automation.testcases.OpenAccountTest" name="openAccountTest" time="1.439"/>
  <testcase classname="com.way2automation.testcases.OpenAccountTest" name="openAccountTest" time="2.0"/>
  <testcase classname="com.way2automation.testcases.OpenAccountTest" name="openAccountTest" time="1.632"/>
  <testcase classname="com.way2automation.testcases.OpenAccountTest" name="openAccountTest" time="1.458"/>
</testsuite> <!-- Open Account Test -->
