<?xml version="1.0" encoding="UTF-8"?>
<testsuite name="TestSuite" time="20.748" tests="26" errors="0" skipped="0" failures="0">
  <properties>
[...]
</properties>
  <testcase name="logInTest" classname="com.way2automation.testcases.LogInTest" time="0.248"/>
  <testcase name="addCusTest" classname="com.way2automation.testcases.AddCusTest" time="1.697"/>
  <testcase name="addCusTest" classname="com.way2automation.testcases.AddCusTest" time="1.437"/>
  <testcase name="addCusTest" classname="com.way2automation.testcases.AddCusTest" time="1.395"/>
  <testcase name="addCusTest" classname="com.way2automation.testcases.AddCusTest" time="1.398"/>
  <testcase name="addCusTest" classname="com.way2automation.testcases.AddCusTest" time="1.458"/>
  <testcase name="openAccountTest" classname="com.way2automation.testcases.OpenAccountTest" time="6.632"/>
  <testcase name="openAccountTest" classname="com.way2automation.testcases.OpenAccountTest" time="1.444"/>
  <testcase name="openAccountTest" classname="com.way2automation.testcases.OpenAccountTest" time="1.994"/>
  <testcase name="openAccountTest" classname="com.way2automation.testcases.OpenAccountTest" time="1.632"/>
  <testcase name="openAccountTest" classname="com.way2automation.testcases.OpenAccountTest" time="1.458"/>
  <testcase name="customerLoginTest" classname="com.way2automation.testcases.CustomerLoginTest" time="1.552"/>
  <testcase name="customerLoginTest" classname="com.way2automation.testcases.CustomerLoginTest" time="1.426"/>
  <testcase name="customerLoginTest" classname="com.way2automation.testcases.CustomerLoginTest" time="1.403"/>
  <testcase name="customerLoginTest" classname="com.way2automation.testcases.CustomerLoginTest" time="1.367"/>
  <testcase name="customerLoginTest" classname="com.way2automation.testcases.CustomerLoginTest" time="1.351"/>
  <testcase name="customerTransactionTest" classname="com.way2automation.testcases.CustomerTransactionTest" time="9.042"/>
  <testcase name="customerTransactionTest" classname="com.way2automation.testcases.CustomerTransactionTest" time="8.857"/>
  <testcase name="customerTransactionTest" classname="com.way2automation.testcases.CustomerTransactionTest" time="8.87"/>
  <testcase name="customerTransactionTest" classname="com.way2automation.testcases.CustomerTransactionTest" time="8.906"/>
  <testcase name="customerTransactionTest" classname="com.way2automation.testcases.CustomerTransactionTest" time="8.869"/>
  <testcase name="deleteCustomerTest" classname="com.way2automation.testcases.DeleteCustomerTest" time="1.577"/>
  <testcase name="deleteCustomerTest" classname="com.way2automation.testcases.DeleteCustomerTest" time="1.398"/>
  <testcase name="deleteCustomerTest" classname="com.way2automation.testcases.DeleteCustomerTest" time="1.36"/>
  <testcase name="deleteCustomerTest" classname="com.way2automation.testcases.DeleteCustomerTest" time="1.359"/>
  <testcase name="deleteCustomerTest" classname="com.way2automation.testcases.DeleteCustomerTest" time="1.39"/>
</testsuite>