<?xml version="1.0" encoding="UTF-8"?>
<testsuite name="Customer Login Test"
           tests="5"
           failures="0"
           errors="0"
           skipped="0"
           time="6.883">
  <properties />
  
  
            <testcase name="customerLoginTest" time="1.546" classname="com.way2automation.testcases.CustomerLoginTest" />
                <testcase name="customerLoginTest" time="1.295" classname="com.way2automation.testcases.CustomerLoginTest" />
                <testcase name="customerLoginTest" time="1.368" classname="com.way2automation.testcases.CustomerLoginTest" />
                <testcase name="customerLoginTest" time="1.323" classname="com.way2automation.testcases.CustomerLoginTest" />
                <testcase name="customerLoginTest" time="1.351" classname="com.way2automation.testcases.CustomerLoginTest" />
      
</testsuite>
